This is XeTeX, Version 3.14159265-2.6-0.999991 (TeX Live 2019/Debian) (preloaded format=xelatex 2021.3.31)  29 APR 2021 01:39
entering extended mode
 restricted \write18 enabled.
 %&-line parsing enabled.
**igem_BBa_J23100.tex
(./igem_BBa_J23100.tex
LaTeX2e <2020-02-02> patch level 2
L3 programming layer <2020-02-14> (/usr/share/texlive/texmf-dist/tex/latex/base
/article.cls
Document Class: article 2019/12/20 v1.4l Standard LaTeX document class
(/usr/share/texlive/texmf-dist/tex/latex/base/size10.clo
File: size10.clo 2019/12/20 v1.4l Standard LaTeX file (size option)
)
\c@part=\count163
\c@section=\count164
\c@subsection=\count165
\c@subsubsection=\count166
\c@paragraph=\count167
\c@subparagraph=\count168
\c@figure=\count169
\c@table=\count170
\abovecaptionskip=\skip47
\belowcaptionskip=\skip48
\bibindent=\dimen134
) (/usr/share/texlive/texmf-dist/tex/latex/amsmath/amsmath.sty
Package: amsmath 2020/01/20 v2.17e AMS math features
\@mathmargin=\skip49
For additional information on amsmath, use the `?' option.
(/usr/share/texlive/texmf-dist/tex/latex/amsmath/amstext.sty
Package: amstext 2000/06/29 v2.01 AMS text
(/usr/share/texlive/texmf-dist/tex/latex/amsmath/amsgen.sty
File: amsgen.sty 1999/11/30 v2.0 generic functions
\@emptytoks=\toks14
\ex@=\dimen135
)) (/usr/share/texlive/texmf-dist/tex/latex/amsmath/amsbsy.sty
Package: amsbsy 1999/11/29 v1.2d Bold Symbols
\pmbraise@=\dimen136
) (/usr/share/texlive/texmf-dist/tex/latex/amsmath/amsopn.sty
Package: amsopn 2016/03/08 v2.02 operator names
)
\inf@bad=\count171
LaTeX Info: Redefining \frac on input line 227.
\uproot@=\count172
\leftroot@=\count173
LaTeX Info: Redefining \overline on input line 389.
\classnum@=\count174
\DOTSCASE@=\count175
LaTeX Info: Redefining \ldots on input line 486.
LaTeX Info: Redefining \dots on input line 489.
LaTeX Info: Redefining \cdots on input line 610.
\Mathstrutbox@=\box45
\strutbox@=\box46
\big@size=\dimen137
LaTeX Font Info:    Redeclaring font encoding OML on input line 733.
LaTeX Font Info:    Redeclaring font encoding OMS on input line 734.
\macc@depth=\count176
\c@MaxMatrixCols=\count177
\dotsspace@=\muskip16
\c@parentequation=\count178
\dspbrk@lvl=\count179
\tag@help=\toks15
\row@=\count180
\column@=\count181
\maxfields@=\count182
\andhelp@=\toks16
\eqnshift@=\dimen138
\alignsep@=\dimen139
\tagshift@=\dimen140
\tagwidth@=\dimen141
\totwidth@=\dimen142
\lineht@=\dimen143
\@envbody=\toks17
\multlinegap=\skip50
\multlinetaggap=\skip51
\mathdisplay@stack=\toks18
LaTeX Info: Redefining \[ on input line 2859.
LaTeX Info: Redefining \] on input line 2860.
) (/usr/share/texlive/texmf-dist/tex/latex/amsfonts/amssymb.sty
Package: amssymb 2013/01/14 v3.01 AMS font symbols
(/usr/share/texlive/texmf-dist/tex/latex/amsfonts/amsfonts.sty
Package: amsfonts 2013/01/14 v3.01 Basic AMSFonts support
\symAMSa=\mathgroup4
\symAMSb=\mathgroup5
LaTeX Font Info:    Redeclaring math symbol \hbar on input line 98.
LaTeX Font Info:    Overwriting math alphabet `\mathfrak' in version `bold'
(Font)                  U/euf/m/n --> U/euf/b/n on input line 106.
)) (/usr/share/texmf/tex/latex/lm/lmodern.sty
Package: lmodern 2009/10/30 v1.6 Latin Modern Fonts
LaTeX Font Info:    Overwriting symbol font `operators' in version `normal'
(Font)                  OT1/cmr/m/n --> OT1/lmr/m/n on input line 22.
LaTeX Font Info:    Overwriting symbol font `letters' in version `normal'
(Font)                  OML/cmm/m/it --> OML/lmm/m/it on input line 23.
LaTeX Font Info:    Overwriting symbol font `symbols' in version `normal'
(Font)                  OMS/cmsy/m/n --> OMS/lmsy/m/n on input line 24.
LaTeX Font Info:    Overwriting symbol font `largesymbols' in version `normal'
(Font)                  OMX/cmex/m/n --> OMX/lmex/m/n on input line 25.
LaTeX Font Info:    Overwriting symbol font `operators' in version `bold'
(Font)                  OT1/cmr/bx/n --> OT1/lmr/bx/n on input line 26.
LaTeX Font Info:    Overwriting symbol font `letters' in version `bold'
(Font)                  OML/cmm/b/it --> OML/lmm/b/it on input line 27.
LaTeX Font Info:    Overwriting symbol font `symbols' in version `bold'
(Font)                  OMS/cmsy/b/n --> OMS/lmsy/b/n on input line 28.
LaTeX Font Info:    Overwriting symbol font `largesymbols' in version `bold'
(Font)                  OMX/cmex/m/n --> OMX/lmex/m/n on input line 29.
LaTeX Font Info:    Overwriting math alphabet `\mathbf' in version `normal'
(Font)                  OT1/cmr/bx/n --> OT1/lmr/bx/n on input line 31.
LaTeX Font Info:    Overwriting math alphabet `\mathsf' in version `normal'
(Font)                  OT1/cmss/m/n --> OT1/lmss/m/n on input line 32.
LaTeX Font Info:    Overwriting math alphabet `\mathit' in version `normal'
(Font)                  OT1/cmr/m/it --> OT1/lmr/m/it on input line 33.
LaTeX Font Info:    Overwriting math alphabet `\mathtt' in version `normal'
(Font)                  OT1/cmtt/m/n --> OT1/lmtt/m/n on input line 34.
LaTeX Font Info:    Overwriting math alphabet `\mathbf' in version `bold'
(Font)                  OT1/cmr/bx/n --> OT1/lmr/bx/n on input line 35.
LaTeX Font Info:    Overwriting math alphabet `\mathsf' in version `bold'
(Font)                  OT1/cmss/bx/n --> OT1/lmss/bx/n on input line 36.
LaTeX Font Info:    Overwriting math alphabet `\mathit' in version `bold'
(Font)                  OT1/cmr/bx/it --> OT1/lmr/bx/it on input line 37.
LaTeX Font Info:    Overwriting math alphabet `\mathtt' in version `bold'
(Font)                  OT1/cmtt/m/n --> OT1/lmtt/m/n on input line 38.
) (/usr/share/texlive/texmf-dist/tex/generic/iftex/ifxetex.sty
Package: ifxetex 2019/10/25 v0.7 ifxetex legacy package. Use iftex instead.
(/usr/share/texlive/texmf-dist/tex/generic/iftex/iftex.sty
Package: iftex 2019/11/07 v1.0c TeX engine tests
)) (/usr/share/texlive/texmf-dist/tex/generic/iftex/ifluatex.sty
Package: ifluatex 2019/10/25 v1.5 ifluatex legacy package. Use iftex instead.
) (/usr/share/texlive/texmf-dist/tex/latex/unicode-math/unicode-math.sty (/usr/
share/texlive/texmf-dist/tex/latex/l3kernel/expl3.sty
Package: expl3 2020-02-14 L3 programming layer (loader) 
(/usr/share/texlive/texmf-dist/tex/latex/l3backend/l3backend-xdvipdfmx.def
File: l3backend-xdvipdfmx.def 2020-02-03 L3 backend support: xdvipdfmx
\g__graphics_track_int=\count183
\l__pdf_internal_box=\box47
\g__pdf_backend_object_int=\count184
\g__pdf_backend_annotation_int=\count185
))
Package: unicode-math 2020/01/31 v0.8q Unicode maths in XeLaTeX and LuaLaTeX
(/usr/share/texlive/texmf-dist/tex/latex/unicode-math/unicode-math-xetex.sty
Package: unicode-math-xetex 2020/01/31 v0.8q Unicode maths in XeLaTeX and LuaLa
TeX
(/usr/share/texlive/texmf-dist/tex/latex/l3packages/xparse/xparse.sty
Package: xparse 2020-02-14 L3 Experimental document command parser
\l__xparse_current_arg_int=\count186
\g__xparse_grabber_int=\count187
\l__xparse_m_args_int=\count188
\l__xparse_v_nesting_int=\count189
) (/usr/share/texlive/texmf-dist/tex/latex/l3packages/l3keys2e/l3keys2e.sty
Package: l3keys2e 2020-02-14 LaTeX2e option processing using LaTeX3 keys
) (/usr/share/texlive/texmf-dist/tex/latex/fontspec/fontspec.sty
Package: fontspec 2020/02/03 v2.7h Font selection for XeLaTeX and LuaLaTeX
(/usr/share/texlive/texmf-dist/tex/latex/fontspec/fontspec-xetex.sty
Package: fontspec-xetex 2020/02/03 v2.7h Font selection for XeLaTeX and LuaLaTe
X
\l__fontspec_script_int=\count190
\l__fontspec_language_int=\count191
\l__fontspec_strnum_int=\count192
\l__fontspec_tmp_int=\count193
\l__fontspec_tmpa_int=\count194
\l__fontspec_tmpb_int=\count195
\l__fontspec_tmpc_int=\count196
\l__fontspec_em_int=\count197
\l__fontspec_emdef_int=\count198
\l__fontspec_strong_int=\count199
\l__fontspec_strongdef_int=\count266
\l__fontspec_tmpa_dim=\dimen144
\l__fontspec_tmpb_dim=\dimen145
\l__fontspec_tmpc_dim=\dimen146
(/usr/share/texlive/texmf-dist/tex/latex/base/fontenc.sty
Package: fontenc 2020/02/11 v2.0o Standard LaTeX package
) (/usr/share/texlive/texmf-dist/tex/latex/fontspec/fontspec.cfg))) (/usr/share
/texlive/texmf-dist/tex/latex/base/fix-cm.sty
Package: fix-cm 2015/01/14 v1.1t fixes to LaTeX
(/usr/share/texlive/texmf-dist/tex/latex/base/ts1enc.def
File: ts1enc.def 2001/06/05 v3.0e (jk/car/fm) Standard LaTeX file
LaTeX Font Info:    Redeclaring font encoding TS1 on input line 47.
))
\g__um_fam_int=\count267
\g__um_fonts_used_int=\count268
\l__um_primecount_int=\count269
\g__um_primekern_muskip=\muskip17
(/usr/share/texlive/texmf-dist/tex/latex/unicode-math/unicode-math-table.tex)))

Package fontspec Info: NanumGothic scale = 0.8619968811130338.


Package fontspec Info: Could not resolve font "NanumGothic/I" (it probably
(fontspec)             doesn't exist).


Package fontspec Info: NanumGothic scale = 0.8619968811130338.


Package fontspec Info: NanumGothic/B scale = 0.8619968811130338.


Package fontspec Info: NanumGothic/BI scale = 0.8619968811130338.


Package fontspec Info: Font family 'NanumGothic(0)' created for font
(fontspec)             'NanumGothic' with options
(fontspec)             [Scale=MatchLowercase,Ligatures=TeX,Scale=1].
(fontspec)              
(fontspec)              This font family consists of the following NFSS
(fontspec)             series/shapes:
(fontspec)              
(fontspec)             - 'normal' (m/n) with NFSS spec.:
(fontspec)             <->s*[1]"NanumGothic/OT:language=dflt;mapping=tex-text;"

(fontspec)             - 'small caps'  (m/sc) with NFSS spec.: 
(fontspec)             - 'bold' (b/n) with NFSS spec.:
(fontspec)             <->s*[1]"NanumGothic/B/OT:language=dflt;mapping=tex-text
;"
(fontspec)             - 'bold small caps'  (b/sc) with NFSS spec.: 
(fontspec)             - 'bold italic' (b/it) with NFSS spec.:
(fontspec)             <->s*[1]"NanumGothic/BI/OT:language=dflt;mapping=tex-tex
t;"
(fontspec)             - 'bold italic small caps'  (b/scit) with NFSS spec.: 

LaTeX Font Info:    Font shape `TU/NanumGothic(0)/m/n' will be
(Font)              scaled to size 10.0pt on input line 19.

Package fontspec Info: NanumGothic scale = 0.9999969482515008.


Package fontspec Info: Could not resolve font "NanumGothic/I" (it probably
(fontspec)             doesn't exist).


Package fontspec Info: NanumGothic scale = 0.9999969482515008.


Package fontspec Info: NanumGothic/B scale = 0.9999969482515008.


Package fontspec Info: NanumGothic/BI scale = 0.9999969482515008.


Package fontspec Info: Font family 'NanumGothic(1)' created for font
(fontspec)             'NanumGothic' with options [Scale=MatchLowercase].
(fontspec)              
(fontspec)              This font family consists of the following NFSS
(fontspec)             series/shapes:
(fontspec)              
(fontspec)             - 'normal' (m/n) with NFSS spec.:
(fontspec)             <->s*[0.9999969482515008]"NanumGothic/OT:language=dflt;"

(fontspec)             - 'small caps'  (m/sc) with NFSS spec.: 
(fontspec)             - 'bold' (b/n) with NFSS spec.:
(fontspec)             <->s*[0.9999969482515008]"NanumGothic/B/OT:language=dflt
;"
(fontspec)             - 'bold small caps'  (b/sc) with NFSS spec.: 
(fontspec)             - 'bold italic' (b/it) with NFSS spec.:
(fontspec)             <->s*[0.9999969482515008]"NanumGothic/BI/OT:language=dfl
t;"
(fontspec)             - 'bold italic small caps'  (b/scit) with NFSS spec.: 

LaTeX Font Info:    Overwriting math alphabet `\mathrm' in version `normal'
(Font)                  OT1/lmr/m/n --> TU/NanumGothic(1)/m/n on input line 19.

LaTeX Font Info:    Overwriting math alphabet `\mathit' in version `normal'
(Font)                  OT1/lmr/m/it --> TU/NanumGothic(1)/m/it on input line 1
9.
LaTeX Font Info:    Overwriting math alphabet `\mathbf' in version `normal'
(Font)                  OT1/lmr/bx/n --> TU/NanumGothic(1)/bx/n on input line 1
9.
(/usr/share/texlive/texmf-dist/tex/latex/upquote/upquote.sty
Package: upquote 2012/04/19 v1.3 upright-quote and grave-accent glyphs in verba
tim
(/usr/share/texlive/texmf-dist/tex/latex/base/textcomp.sty
Package: textcomp 2020/02/02 v2.0n Standard LaTeX package
)) (/usr/share/texlive/texmf-dist/tex/latex/microtype/microtype.sty
Package: microtype 2019/11/18 v2.7d Micro-typographical refinements (RS)
(/usr/share/texlive/texmf-dist/tex/latex/graphics/keyval.sty
Package: keyval 2014/10/28 v1.15 key=value parser (DPC)
\KV@toks@=\toks19
)
\MT@toks=\toks20
\MT@count=\count270
LaTeX Info: Redefining \textls on input line 790.
\MT@outer@kern=\dimen147
LaTeX Info: Redefining \textmicrotypecontext on input line 1354.
\MT@listname@count=\count271
(/usr/share/texlive/texmf-dist/tex/latex/microtype/microtype-xetex.def
File: microtype-xetex.def 2019/11/18 v2.7d Definitions specific to xetex (RS)
LaTeX Info: Redefining \lsstyle on input line 258.
)
Package microtype Info: Loading configuration file microtype.cfg.
(/usr/share/texlive/texmf-dist/tex/latex/microtype/microtype.cfg
File: microtype.cfg 2019/11/18 v2.7d microtype main configuration file (RS)
)) (/usr/share/texlive/texmf-dist/tex/latex/parskip/parskip.sty
Package: parskip 2020-01-22 v2.0d non-zero parskip adjustments
(/usr/share/texlive/texmf-dist/tex/latex/kvoptions/kvoptions.sty
Package: kvoptions 2019/11/29 v3.13 Key value format for package options (HO)
(/usr/share/texlive/texmf-dist/tex/generic/ltxcmds/ltxcmds.sty
Package: ltxcmds 2019/12/15 v1.24 LaTeX kernel commands for general use (HO)
) (/usr/share/texlive/texmf-dist/tex/generic/kvsetkeys/kvsetkeys.sty
Package: kvsetkeys 2019/12/15 v1.18 Key value parser (HO)
)) (/usr/share/texlive/texmf-dist/tex/latex/etoolbox/etoolbox.sty
Package: etoolbox 2019/09/21 v2.5h e-TeX tools for LaTeX (JAW)
\etb@tempcnta=\count272
)) (/usr/share/texlive/texmf-dist/tex/latex/xcolor/xcolor.sty
Package: xcolor 2016/05/11 v2.12 LaTeX color extensions (UK)
(/usr/share/texlive/texmf-dist/tex/latex/graphics-cfg/color.cfg
File: color.cfg 2016/01/02 v1.6 sample color configuration
)
Package xcolor Info: Driver file: xetex.def on input line 225.
(/usr/share/texlive/texmf-dist/tex/latex/graphics-def/xetex.def
File: xetex.def 2017/06/24 v5.0h Graphics/color driver for xetex
)
Package xcolor Info: Model `cmy' substituted by `cmy0' on input line 1348.
Package xcolor Info: Model `RGB' extended on input line 1364.
Package xcolor Info: Model `HTML' substituted by `rgb' on input line 1366.
Package xcolor Info: Model `Hsb' substituted by `hsb' on input line 1367.
Package xcolor Info: Model `tHsb' substituted by `hsb' on input line 1368.
Package xcolor Info: Model `HSB' substituted by `hsb' on input line 1369.
Package xcolor Info: Model `Gray' substituted by `gray' on input line 1370.
Package xcolor Info: Model `wave' substituted by `hsb' on input line 1371.
) (/usr/share/texlive/texmf-dist/tex/latex/xurl/xurl.sty
Package: xurl 2020/01/24 v 0.09 modify URL breaks
(/usr/share/texlive/texmf-dist/tex/latex/url/url.sty
\Urlmuskip=\muskip18
Package: url 2013/09/16  ver 3.4  Verb mode for urls, etc.
)) (/usr/share/texlive/texmf-dist/tex/latex/bookmark/bookmark.sty
Package: bookmark 2019/12/03 v1.28 PDF bookmarks (HO)
(/usr/share/texlive/texmf-dist/tex/latex/hyperref/hyperref.sty
Package: hyperref 2020/01/14 v7.00d Hypertext links for LaTeX
(/usr/share/texlive/texmf-dist/tex/latex/pdftexcmds/pdftexcmds.sty
Package: pdftexcmds 2019/11/24 v0.31 Utility functions of pdfTeX for LuaTeX (HO
)
(/usr/share/texlive/texmf-dist/tex/generic/infwarerr/infwarerr.sty
Package: infwarerr 2019/12/03 v1.5 Providing info/warning/error messages (HO)
)
Package pdftexcmds Info: \pdf@primitive is available.
Package pdftexcmds Info: \pdf@ifprimitive is available.
Package pdftexcmds Info: \pdfdraftmode not found.
) (/usr/share/texlive/texmf-dist/tex/generic/kvdefinekeys/kvdefinekeys.sty
Package: kvdefinekeys 2019-12-19 v1.6 Define keys (HO)
) (/usr/share/texlive/texmf-dist/tex/generic/pdfescape/pdfescape.sty
Package: pdfescape 2019/12/09 v1.15 Implements pdfTeX's escape features (HO)
) (/usr/share/texlive/texmf-dist/tex/latex/hycolor/hycolor.sty
Package: hycolor 2020-01-27 v1.10 Color options for hyperref/bookmark (HO)
) (/usr/share/texlive/texmf-dist/tex/latex/letltxmacro/letltxmacro.sty
Package: letltxmacro 2019/12/03 v1.6 Let assignment for LaTeX macros (HO)
) (/usr/share/texlive/texmf-dist/tex/latex/auxhook/auxhook.sty
Package: auxhook 2019-12-17 v1.6 Hooks for auxiliary files (HO)
)
\@linkdim=\dimen148
\Hy@linkcounter=\count273
\Hy@pagecounter=\count274
(/usr/share/texlive/texmf-dist/tex/latex/hyperref/pd1enc.def
File: pd1enc.def 2020/01/14 v7.00d Hyperref: PDFDocEncoding definition (HO)
) (/usr/share/texlive/texmf-dist/tex/generic/intcalc/intcalc.sty
Package: intcalc 2019/12/15 v1.3 Expandable calculations with integers (HO)
) (/usr/share/texlive/texmf-dist/tex/generic/etexcmds/etexcmds.sty
Package: etexcmds 2019/12/15 v1.7 Avoid name clashes with e-TeX commands (HO)
)
\Hy@SavedSpaceFactor=\count275
Package hyperref Info: Option `unicode' set `true' on input line 4421.
(/usr/share/texlive/texmf-dist/tex/latex/hyperref/puenc.def
File: puenc.def 2020/01/14 v7.00d Hyperref: PDF Unicode definition (HO)
)
Package hyperref Info: Hyper figures OFF on input line 4547.
Package hyperref Info: Link nesting OFF on input line 4552.
Package hyperref Info: Hyper index ON on input line 4555.
Package hyperref Info: Plain pages OFF on input line 4562.
Package hyperref Info: Backreferencing OFF on input line 4567.
Package hyperref Info: Implicit mode ON; LaTeX internals redefined.
Package hyperref Info: Bookmarks ON on input line 4800.
\c@Hy@tempcnt=\count276
LaTeX Info: Redefining \url on input line 5159.
\XeTeXLinkMargin=\dimen149
(/usr/share/texlive/texmf-dist/tex/generic/bitset/bitset.sty
Package: bitset 2019/12/09 v1.3 Handle bit-vector datatype (HO)
(/usr/share/texlive/texmf-dist/tex/generic/bigintcalc/bigintcalc.sty
Package: bigintcalc 2019/12/15 v1.5 Expandable calculations on big integers (HO
)
))
\Fld@menulength=\count277
\Field@Width=\dimen150
\Fld@charsize=\dimen151
Package hyperref Info: Hyper figures OFF on input line 6430.
Package hyperref Info: Link nesting OFF on input line 6435.
Package hyperref Info: Hyper index ON on input line 6438.
Package hyperref Info: backreferencing OFF on input line 6445.
Package hyperref Info: Link coloring OFF on input line 6450.
Package hyperref Info: Link coloring with OCG OFF on input line 6455.
Package hyperref Info: PDF/A mode OFF on input line 6460.
LaTeX Info: Redefining \ref on input line 6500.
LaTeX Info: Redefining \pageref on input line 6504.
(/usr/share/texlive/texmf-dist/tex/generic/atbegshi/atbegshi.sty
Package: atbegshi 2019/12/05 v1.19 At begin shipout hook (HO)
)
\Hy@abspage=\count278
\c@Item=\count279
\c@Hfootnote=\count280
)
Package hyperref Info: Driver (autodetected): hxetex.
(/usr/share/texlive/texmf-dist/tex/latex/hyperref/hxetex.def
File: hxetex.def 2020/01/14 v7.00d Hyperref driver for XeTeX
(/usr/share/texlive/texmf-dist/tex/generic/stringenc/stringenc.sty
Package: stringenc 2019/11/29 v1.12 Convert strings between diff. encodings (HO
)
)
\pdfm@box=\box48
\c@Hy@AnnotLevel=\count281
\HyField@AnnotCount=\count282
\Fld@listcount=\count283
\c@bookmark@seq@number=\count284
(/usr/share/texlive/texmf-dist/tex/latex/rerunfilecheck/rerunfilecheck.sty
Package: rerunfilecheck 2019/12/05 v1.9 Rerun checks for auxiliary files (HO)
(/usr/share/texlive/texmf-dist/tex/latex/atveryend/atveryend.sty
Package: atveryend 2019-12-11 v1.11 Hooks at the very end of document (HO)
) (/usr/share/texlive/texmf-dist/tex/generic/uniquecounter/uniquecounter.sty
Package: uniquecounter 2019/12/15 v1.4 Provide unlimited unique counter (HO)
)
Package uniquecounter Info: New unique counter `rerunfilecheck' on input line 2
86.
)
\Hy@SectionHShift=\skip52
) (/usr/share/texlive/texmf-dist/tex/latex/bookmark/bkm-dvipdfm.def
File: bkm-dvipdfm.def 2019/12/03 v1.28 bookmark driver for dvipdfm (HO)
\BKM@id=\count285
)) (/usr/share/texlive/texmf-dist/tex/latex/geometry/geometry.sty
Package: geometry 2020/01/02 v5.9 Page Geometry
(/usr/share/texlive/texmf-dist/tex/generic/iftex/ifvtex.sty
Package: ifvtex 2019/10/25 v1.7 ifvtex legacy package. Use iftex instead.
)
\Gm@cnth=\count286
\Gm@cntv=\count287
\c@Gm@tempcnt=\count288
\Gm@bindingoffset=\dimen152
\Gm@wd@mp=\dimen153
\Gm@odd@mp=\dimen154
\Gm@even@mp=\dimen155
\Gm@layoutwidth=\dimen156
\Gm@layoutheight=\dimen157
\Gm@layouthoffset=\dimen158
\Gm@layoutvoffset=\dimen159
\Gm@dimlist=\toks21
) (/usr/share/texlive/texmf-dist/tex/latex/tools/longtable.sty
Package: longtable 2020/01/07 v4.13 Multi-page Table package (DPC)
\LTleft=\skip53
\LTright=\skip54
\LTpre=\skip55
\LTpost=\skip56
\LTchunksize=\count289
\LTcapwidth=\dimen160
\LT@head=\box49
\LT@firsthead=\box50
\LT@foot=\box51
\LT@lastfoot=\box52
\LT@cols=\count290
\LT@rows=\count291
\c@LT@tables=\count292
\c@LT@chunks=\count293
\LT@p@ftn=\toks22
) (/usr/share/texlive/texmf-dist/tex/latex/booktabs/booktabs.sty
Package: booktabs 2020/01/12 v1.61803398 Publication quality tables
\heavyrulewidth=\dimen161
\lightrulewidth=\dimen162
\cmidrulewidth=\dimen163
\belowrulesep=\dimen164
\belowbottomsep=\dimen165
\aboverulesep=\dimen166
\abovetopsep=\dimen167
\cmidrulesep=\dimen168
\cmidrulekern=\dimen169
\defaultaddspace=\dimen170
\@cmidla=\count294
\@cmidlb=\count295
\@aboverulesep=\dimen171
\@belowrulesep=\dimen172
\@thisruleclass=\count296
\@lastruleclass=\count297
\@thisrulewidth=\dimen173
) (/usr/share/texlive/texmf-dist/tex/latex/tools/array.sty
Package: array 2019/08/31 v2.4l Tabular extension package (FMi)
\col@sep=\dimen174
\ar@mcellbox=\box53
\extrarowheight=\dimen175
\NC@list=\toks23
\extratabsurround=\skip57
\backup@length=\skip58
\ar@cellbox=\box54
) (/usr/share/texlive/texmf-dist/tex/latex/tools/calc.sty
Package: calc 2017/05/25 v4.3 Infix arithmetic (KKT,FJ)
\calc@Acount=\count298
\calc@Bcount=\count299
\calc@Adimen=\dimen176
\calc@Bdimen=\dimen177
\calc@Askip=\skip59
\calc@Bskip=\skip60
LaTeX Info: Redefining \setlength on input line 80.
LaTeX Info: Redefining \addtolength on input line 81.
\calc@Ccount=\count300
\calc@Cskip=\skip61
) (/usr/share/texlive/texmf-dist/tex/latex/footnotehyper/footnotehyper.sty
Package: footnotehyper 2019/11/07 v1.1a hyperref aware footnote.sty (JFB)
\FNH@notes=\box55
\FNH@width=\dimen178
) (/usr/share/texlive/texmf-dist/tex/latex/graphics/graphicx.sty
Package: graphicx 2019/11/30 v1.2a Enhanced LaTeX Graphics (DPC,SPQR)
(/usr/share/texlive/texmf-dist/tex/latex/graphics/graphics.sty
Package: graphics 2019/11/30 v1.4a Standard LaTeX Graphics (DPC,SPQR)
(/usr/share/texlive/texmf-dist/tex/latex/graphics/trig.sty
Package: trig 2016/01/03 v1.10 sin cos tan (DPC)
) (/usr/share/texlive/texmf-dist/tex/latex/graphics-cfg/graphics.cfg
File: graphics.cfg 2016/06/04 v1.11 sample graphics configuration
)
Package graphics Info: Driver file: xetex.def on input line 105.
)
\Gin@req@height=\dimen179
\Gin@req@width=\dimen180
) (./igem_BBa_J23100.aux)
\openout1 = `igem_BBa_J23100.aux'.

LaTeX Font Info:    Checking defaults for OML/cmm/m/it on input line 80.
LaTeX Font Info:    ... okay on input line 80.
LaTeX Font Info:    Checking defaults for OMS/cmsy/m/n on input line 80.
LaTeX Font Info:    ... okay on input line 80.
LaTeX Font Info:    Checking defaults for OT1/cmr/m/n on input line 80.
LaTeX Font Info:    ... okay on input line 80.
LaTeX Font Info:    Checking defaults for T1/cmr/m/n on input line 80.
LaTeX Font Info:    ... okay on input line 80.
LaTeX Font Info:    Checking defaults for TS1/cmr/m/n on input line 80.
LaTeX Font Info:    ... okay on input line 80.
LaTeX Font Info:    Checking defaults for TU/lmr/m/n on input line 80.
LaTeX Font Info:    ... okay on input line 80.
LaTeX Font Info:    Checking defaults for OMX/cmex/m/n on input line 80.
LaTeX Font Info:    ... okay on input line 80.
LaTeX Font Info:    Checking defaults for U/cmr/m/n on input line 80.
LaTeX Font Info:    ... okay on input line 80.
LaTeX Font Info:    Checking defaults for PD1/pdf/m/n on input line 80.
LaTeX Font Info:    ... okay on input line 80.
LaTeX Font Info:    Checking defaults for PU/pdf/m/n on input line 80.
LaTeX Font Info:    ... okay on input line 80.
LaTeX Font Info:    Overwriting math alphabet `\mathsf' in version `normal'
(Font)                  OT1/lmss/m/n --> TU/lmss/m/n on input line 80.
LaTeX Font Info:    Overwriting math alphabet `\mathsf' in version `bold'
(Font)                  OT1/lmss/bx/n --> TU/lmss/b/n on input line 80.
LaTeX Font Info:    Overwriting math alphabet `\mathtt' in version `normal'
(Font)                  OT1/lmtt/m/n --> TU/lmtt/m/n on input line 80.
LaTeX Font Info:    Overwriting math alphabet `\mathtt' in version `bold'
(Font)                  OT1/lmtt/m/n --> TU/lmtt/b/n on input line 80.

Package fontspec Info: latinmodern-math scale = 1.160089357468819.


Package fontspec Info: latinmodern-math scale = 1.160089357468819.


Package fontspec Info: latinmodern-math scale = 1.160089357468819.


Package fontspec Info: Font family 'latinmodern-math.otf(0)' created for font
(fontspec)             'latinmodern-math.otf' with options
(fontspec)             [Scale=MatchLowercase,BoldItalicFont={},ItalicFont={},Sm
allCapsFont={},Script=Math,BoldFont={latinmodern-math.otf}].
(fontspec)              
(fontspec)              This font family consists of the following NFSS
(fontspec)             series/shapes:
(fontspec)              
(fontspec)             - 'normal' (m/n) with NFSS spec.:
(fontspec)             <->s*[1.160089357468819]"[latinmodern-math.otf]/OT:scrip
t=math;language=dflt;"
(fontspec)             - 'small caps'  (m/sc) with NFSS spec.: 
(fontspec)             - 'bold' (b/n) with NFSS spec.:
(fontspec)             <->s*[1.160089357468819]"[latinmodern-math.otf]/OT:scrip
t=math;language=dflt;"
(fontspec)             - 'bold small caps'  (b/sc) with NFSS spec.: 

LaTeX Font Info:    Font shape `TU/latinmodern-math.otf(0)/m/n' will be
(Font)              scaled to size 11.60095pt on input line 80.

Package fontspec Info: latinmodern-math scale = 1.160089357468819.


Package fontspec Info: latinmodern-math scale = 1.160089357468819.


Package fontspec Info: latinmodern-math scale = 1.160089357468819.


Package fontspec Info: latinmodern-math scale = 1.160089357468819.


Package fontspec Info: latinmodern-math scale = 1.160089357468819.


Package fontspec Info: Font family 'latinmodern-math.otf(1)' created for font
(fontspec)             'latinmodern-math.otf' with options
(fontspec)             [Scale=MatchLowercase,BoldItalicFont={},ItalicFont={},Sm
allCapsFont={},Script=Math,SizeFeatures={{Size=8.5-},{Size=6-8.5,Font=latinmode
rn-math.otf,Style=MathScript},{Size=-6,Font=latinmodern-math.otf,Style=MathScri
ptScript}},BoldFont={latinmodern-math.otf}].
(fontspec)              
(fontspec)              This font family consists of the following NFSS
(fontspec)             series/shapes:
(fontspec)              
(fontspec)             - 'normal' (m/n) with NFSS spec.:
(fontspec)             <8.5->s*[1.160089357468819]"[latinmodern-math.otf]/OT:sc
ript=math;language=dflt;"<6-8.5>s*[1.160089357468819]"[latinmodern-math.otf]/OT
:script=math;language=dflt;+ssty=0;"<-6>s*[1.160089357468819]"[latinmodern-math
.otf]/OT:script=math;language=dflt;+ssty=1;"
(fontspec)             - 'small caps'  (m/sc) with NFSS spec.: 
(fontspec)             - 'bold' (b/n) with NFSS spec.:
(fontspec)             <->s*[1.160089357468819]"[latinmodern-math.otf]/OT:scrip
t=math;language=dflt;"
(fontspec)             - 'bold small caps'  (b/sc) with NFSS spec.: 

LaTeX Font Info:    Font shape `TU/latinmodern-math.otf(1)/m/n' will be
(Font)              scaled to size 11.60095pt on input line 80.
LaTeX Font Info:    Encoding `OT1' has changed to `TU' for symbol font
(Font)              `operators' in the math version `normal' on input line 80.
LaTeX Font Info:    Overwriting symbol font `operators' in version `normal'
(Font)                  OT1/lmr/m/n --> TU/latinmodern-math.otf(1)/m/n on input
 line 80.
LaTeX Font Info:    Encoding `OT1' has changed to `TU' for symbol font
(Font)              `operators' in the math version `bold' on input line 80.
LaTeX Font Info:    Overwriting symbol font `operators' in version `bold'
(Font)                  OT1/lmr/bx/n --> TU/latinmodern-math.otf(1)/b/n on inpu
t line 80.

Package fontspec Info: latinmodern-math scale = 1.160089357468819.


Package fontspec Info: latinmodern-math scale = 1.160205366404566.


Package fontspec Info: latinmodern-math scale = 1.160089357468819.


Package fontspec Info: latinmodern-math scale = 1.160205366404566.


Package fontspec Info: latinmodern-math scale = 1.160089357468819.


Package fontspec Info: latinmodern-math scale = 1.160205366404566.


Package fontspec Info: latinmodern-math scale = 1.160089357468819.


Package fontspec Info: latinmodern-math scale = 1.160205366404566.


Package fontspec Info: latinmodern-math scale = 1.160089357468819.


Package fontspec Info: latinmodern-math scale = 1.160205366404566.


Package fontspec Info: Font family 'latinmodern-math.otf(2)' created for font
(fontspec)             'latinmodern-math.otf' with options
(fontspec)             [Scale=MatchLowercase,BoldItalicFont={},ItalicFont={},Sm
allCapsFont={},Script=Math,SizeFeatures={{Size=8.5-},{Size=6-8.5,Font=latinmode
rn-math.otf,Style=MathScript},{Size=-6,Font=latinmodern-math.otf,Style=MathScri
ptScript}},BoldFont={latinmodern-math.otf},ScaleAgain=1.0001,FontAdjustment={\f
ontdimen
(fontspec)             8\font =7.85385pt\relax \fontdimen 9\font
(fontspec)             =4.57077pt\relax \fontdimen 10\font =5.15082pt\relax
(fontspec)             \fontdimen 11\font =7.95825pt\relax \fontdimen 12\font
(fontspec)             =4.00233pt\relax \fontdimen 13\font =4.21115pt\relax
(fontspec)             \fontdimen 14\font =4.21115pt\relax \fontdimen 15\font
(fontspec)             =3.35268pt\relax \fontdimen 16\font =2.86543pt\relax
(fontspec)             \fontdimen 17\font =2.86543pt\relax \fontdimen 18\font
(fontspec)             =2.90024pt\relax \fontdimen 19\font =2.32019pt\relax
(fontspec)             \fontdimen 22\font =2.90024pt\relax \fontdimen 20\font
(fontspec)             =0pt\relax \fontdimen 21\font =0pt\relax }].
(fontspec)              
(fontspec)              This font family consists of the following NFSS
(fontspec)             series/shapes:
(fontspec)              
(fontspec)             - 'normal' (m/n) with NFSS spec.:
(fontspec)             <8.5->s*[1.160205366404566]"[latinmodern-math.otf]/OT:sc
ript=math;language=dflt;"<6-8.5>s*[1.160205366404566]"[latinmodern-math.otf]/OT
:script=math;language=dflt;+ssty=0;"<-6>s*[1.160205366404566]"[latinmodern-math
.otf]/OT:script=math;language=dflt;+ssty=1;"
(fontspec)             - 'small caps'  (m/sc) with NFSS spec.: 
(fontspec)             and font adjustment code:
(fontspec)             \fontdimen 8\font =7.85385pt\relax \fontdimen 9\font
(fontspec)             =4.57077pt\relax \fontdimen 10\font =5.15082pt\relax
(fontspec)             \fontdimen 11\font =7.95825pt\relax \fontdimen 12\font
(fontspec)             =4.00233pt\relax \fontdimen 13\font =4.21115pt\relax
(fontspec)             \fontdimen 14\font =4.21115pt\relax \fontdimen 15\font
(fontspec)             =3.35268pt\relax \fontdimen 16\font =2.86543pt\relax
(fontspec)             \fontdimen 17\font =2.86543pt\relax \fontdimen 18\font
(fontspec)             =2.90024pt\relax \fontdimen 19\font =2.32019pt\relax
(fontspec)             \fontdimen 22\font =2.90024pt\relax \fontdimen 20\font
(fontspec)             =0pt\relax \fontdimen 21\font =0pt\relax 
(fontspec)             - 'bold' (b/n) with NFSS spec.:
(fontspec)             <->s*[1.160205366404566]"[latinmodern-math.otf]/OT:scrip
t=math;language=dflt;"
(fontspec)             - 'bold small caps'  (b/sc) with NFSS spec.: 
(fontspec)             and font adjustment code:
(fontspec)             \fontdimen 8\font =7.85385pt\relax \fontdimen 9\font
(fontspec)             =4.57077pt\relax \fontdimen 10\font =5.15082pt\relax
(fontspec)             \fontdimen 11\font =7.95825pt\relax \fontdimen 12\font
(fontspec)             =4.00233pt\relax \fontdimen 13\font =4.21115pt\relax
(fontspec)             \fontdimen 14\font =4.21115pt\relax \fontdimen 15\font
(fontspec)             =3.35268pt\relax \fontdimen 16\font =2.86543pt\relax
(fontspec)             \fontdimen 17\font =2.86543pt\relax \fontdimen 18\font
(fontspec)             =2.90024pt\relax \fontdimen 19\font =2.32019pt\relax
(fontspec)             \fontdimen 22\font =2.90024pt\relax \fontdimen 20\font
(fontspec)             =0pt\relax \fontdimen 21\font =0pt\relax 

LaTeX Font Info:    Encoding `OMS' has changed to `TU' for symbol font
(Font)              `symbols' in the math version `normal' on input line 80.
LaTeX Font Info:    Overwriting symbol font `symbols' in version `normal'
(Font)                  OMS/lmsy/m/n --> TU/latinmodern-math.otf(2)/m/n on inpu
t line 80.
LaTeX Font Info:    Encoding `OMS' has changed to `TU' for symbol font
(Font)              `symbols' in the math version `bold' on input line 80.
LaTeX Font Info:    Overwriting symbol font `symbols' in version `bold'
(Font)                  OMS/lmsy/b/n --> TU/latinmodern-math.otf(2)/b/n on inpu
t line 80.

Package fontspec Info: latinmodern-math scale = 1.160089357468819.


Package fontspec Info: latinmodern-math scale = 1.159973348533072.


Package fontspec Info: latinmodern-math scale = 1.160089357468819.


Package fontspec Info: latinmodern-math scale = 1.159973348533072.


Package fontspec Info: latinmodern-math scale = 1.160089357468819.


Package fontspec Info: latinmodern-math scale = 1.159973348533072.


Package fontspec Info: latinmodern-math scale = 1.160089357468819.


Package fontspec Info: latinmodern-math scale = 1.159973348533072.


Package fontspec Info: latinmodern-math scale = 1.160089357468819.


Package fontspec Info: latinmodern-math scale = 1.159973348533072.


Package fontspec Info: Font family 'latinmodern-math.otf(3)' created for font
(fontspec)             'latinmodern-math.otf' with options
(fontspec)             [Scale=MatchLowercase,BoldItalicFont={},ItalicFont={},Sm
allCapsFont={},Script=Math,SizeFeatures={{Size=8.5-},{Size=6-8.5,Font=latinmode
rn-math.otf,Style=MathScript},{Size=-6,Font=latinmodern-math.otf,Style=MathScri
ptScript}},BoldFont={latinmodern-math.otf},ScaleAgain=0.9999,FontAdjustment={\f
ontdimen
(fontspec)             8\font =0.46404pt\relax \fontdimen 9\font
(fontspec)             =2.32019pt\relax \fontdimen 10\font =1.93736pt\relax
(fontspec)             \fontdimen 11\font =1.2877pt\relax \fontdimen 12\font
(fontspec)             =6.96057pt\relax \fontdimen 13\font =0pt\relax }].
(fontspec)              
(fontspec)              This font family consists of the following NFSS
(fontspec)             series/shapes:
(fontspec)              
(fontspec)             - 'normal' (m/n) with NFSS spec.:
(fontspec)             <8.5->s*[1.159973348533072]"[latinmodern-math.otf]/OT:sc
ript=math;language=dflt;"<6-8.5>s*[1.159973348533072]"[latinmodern-math.otf]/OT
:script=math;language=dflt;+ssty=0;"<-6>s*[1.159973348533072]"[latinmodern-math
.otf]/OT:script=math;language=dflt;+ssty=1;"
(fontspec)             - 'small caps'  (m/sc) with NFSS spec.: 
(fontspec)             and font adjustment code:
(fontspec)             \fontdimen 8\font =0.46404pt\relax \fontdimen 9\font
(fontspec)             =2.32019pt\relax \fontdimen 10\font =1.93736pt\relax
(fontspec)             \fontdimen 11\font =1.2877pt\relax \fontdimen 12\font
(fontspec)             =6.96057pt\relax \fontdimen 13\font =0pt\relax 
(fontspec)             - 'bold' (b/n) with NFSS spec.:
(fontspec)             <->s*[1.159973348533072]"[latinmodern-math.otf]/OT:scrip
t=math;language=dflt;"
(fontspec)             - 'bold small caps'  (b/sc) with NFSS spec.: 
(fontspec)             and font adjustment code:
(fontspec)             \fontdimen 8\font =0.46404pt\relax \fontdimen 9\font
(fontspec)             =2.32019pt\relax \fontdimen 10\font =1.93736pt\relax
(fontspec)             \fontdimen 11\font =1.2877pt\relax \fontdimen 12\font
(fontspec)             =6.96057pt\relax \fontdimen 13\font =0pt\relax 

LaTeX Font Info:    Encoding `OMX' has changed to `TU' for symbol font
(Font)              `largesymbols' in the math version `normal' on input line 8
0.
LaTeX Font Info:    Overwriting symbol font `largesymbols' in version `normal'
(Font)                  OMX/lmex/m/n --> TU/latinmodern-math.otf(3)/m/n on inpu
t line 80.
LaTeX Font Info:    Encoding `OMX' has changed to `TU' for symbol font
(Font)              `largesymbols' in the math version `bold' on input line 80.

LaTeX Font Info:    Overwriting symbol font `largesymbols' in version `bold'
(Font)                  OMX/lmex/m/n --> TU/latinmodern-math.otf(3)/b/n on inpu
t line 80.
LaTeX Info: Redefining \microtypecontext on input line 80.
Package microtype Info: Character protrusion enabled (level 2).
Package microtype Info: Using protrusion set `basicmath'.
Package microtype Info: No adjustment of tracking.
Package microtype Info: No adjustment of spacing.
Package microtype Info: No adjustment of kerning.
Package microtype Info: Loading generic protrusion settings for font family
(microtype)             `NanumGothic' (encoding: TU).
(microtype)             For optimal results, create family-specific settings.
(microtype)             See the microtype manual for details.

Package microtype Warning: Unknown slot number of character
(microtype)                `\~A'
(microtype)                in font encoding `TU' in inheritance list
(microtype)                `microtype.cfg/376(protrusion)'.


Package microtype Warning: Unknown slot number of character
(microtype)                `\"A'
(microtype)                in font encoding `TU' in inheritance list
(microtype)                `microtype.cfg/376(protrusion)'.


Package microtype Warning: Unknown slot number of character
(microtype)                `\r A'
(microtype)                in font encoding `TU' in inheritance list
(microtype)                `microtype.cfg/376(protrusion)'.


Package microtype Warning: Unknown slot number of character
(microtype)                `\k A'
(microtype)                in font encoding `TU' in inheritance list
(microtype)                `microtype.cfg/376(protrusion)'.


Package microtype Warning: Unknown slot number of character
(microtype)                `\u A'
(microtype)                in font encoding `TU' in inheritance list
(microtype)                `microtype.cfg/376(protrusion)'.


Package microtype Warning: Unknown slot number of character
(microtype)                `\~a'
(microtype)                in font encoding `TU' in inheritance list
(microtype)                `microtype.cfg/376(protrusion)'.


Package microtype Warning: Unknown slot number of character
(microtype)                `\r a'
(microtype)                in font encoding `TU' in inheritance list
(microtype)                `microtype.cfg/376(protrusion)'.


Package microtype Warning: Unknown slot number of character
(microtype)                `\k a'
(microtype)                in font encoding `TU' in inheritance list
(microtype)                `microtype.cfg/376(protrusion)'.


Package microtype Warning: Unknown slot number of character
(microtype)                `\u a'
(microtype)                in font encoding `TU' in inheritance list
(microtype)                `microtype.cfg/376(protrusion)'.


Package microtype Warning: Unknown slot number of character
(microtype)                `\'C'
(microtype)                in font encoding `TU' in inheritance list
(microtype)                `microtype.cfg/376(protrusion)'.


Package microtype Warning: Unknown slot number of character
(microtype)                `\v C'
(microtype)                in font encoding `TU' in inheritance list
(microtype)                `microtype.cfg/376(protrusion)'.


Package microtype Warning: Unknown slot number of character
(microtype)                `\'c'
(microtype)                in font encoding `TU' in inheritance list
(microtype)                `microtype.cfg/376(protrusion)'.


Package microtype Warning: Unknown slot number of character
(microtype)                `\v c'
(microtype)                in font encoding `TU' in inheritance list
(microtype)                `microtype.cfg/376(protrusion)'.


Package microtype Warning: Unknown slot number of character
(microtype)                `\v D'
(microtype)                in font encoding `TU' in inheritance list
(microtype)                `microtype.cfg/376(protrusion)'.


Package microtype Warning: Unknown slot number of character
(microtype)                `\v d'
(microtype)                in font encoding `TU' in inheritance list
(microtype)                `microtype.cfg/376(protrusion)'.


Package microtype Warning: Unknown slot number of character
(microtype)                `\k E'
(microtype)                in font encoding `TU' in inheritance list
(microtype)                `microtype.cfg/376(protrusion)'.


Package microtype Warning: Unknown slot number of character
(microtype)                `\v E'
(microtype)                in font encoding `TU' in inheritance list
(microtype)                `microtype.cfg/376(protrusion)'.


Package microtype Warning: Unknown slot number of character
(microtype)                `\k e'
(microtype)                in font encoding `TU' in inheritance list
(microtype)                `microtype.cfg/376(protrusion)'.


Package microtype Warning: Unknown slot number of character
(microtype)                `\v e'
(microtype)                in font encoding `TU' in inheritance list
(microtype)                `microtype.cfg/376(protrusion)'.


Package microtype Warning: Unknown slot number of character
(microtype)                `\u G'
(microtype)                in font encoding `TU' in inheritance list
(microtype)                `microtype.cfg/376(protrusion)'.


Package microtype Warning: Unknown slot number of character
(microtype)                `\u g'
(microtype)                in font encoding `TU' in inheritance list
(microtype)                `microtype.cfg/376(protrusion)'.


Package microtype Warning: Unknown slot number of character
(microtype)                `\`I'
(microtype)                in font encoding `TU' in inheritance list
(microtype)                `microtype.cfg/376(protrusion)'.


Package microtype Warning: Unknown slot number of character
(microtype)                `\.I'
(microtype)                in font encoding `TU' in inheritance list
(microtype)                `microtype.cfg/376(protrusion)'.


Package microtype Warning: Unknown slot number of character
(microtype)                `\`i'
(microtype)                in font encoding `TU' in inheritance list
(microtype)                `microtype.cfg/376(protrusion)'.


Package microtype Warning: Unknown slot number of character
(microtype)                `\'L'
(microtype)                in font encoding `TU' in inheritance list
(microtype)                `microtype.cfg/376(protrusion)'.


Package microtype Warning: Unknown slot number of character
(microtype)                `\v L'
(microtype)                in font encoding `TU' in inheritance list
(microtype)                `microtype.cfg/376(protrusion)'.


Package microtype Warning: Unknown slot number of character
(microtype)                `\'l'
(microtype)                in font encoding `TU' in inheritance list
(microtype)                `microtype.cfg/376(protrusion)'.


Package microtype Warning: Unknown slot number of character
(microtype)                `\v l'
(microtype)                in font encoding `TU' in inheritance list
(microtype)                `microtype.cfg/376(protrusion)'.


Package microtype Warning: Unknown slot number of character
(microtype)                `\'N'
(microtype)                in font encoding `TU' in inheritance list
(microtype)                `microtype.cfg/376(protrusion)'.


Package microtype Warning: Unknown slot number of character
(microtype)                `\v N'
(microtype)                in font encoding `TU' in inheritance list
(microtype)                `microtype.cfg/376(protrusion)'.


Package microtype Warning: Unknown slot number of character
(microtype)                `\'n'
(microtype)                in font encoding `TU' in inheritance list
(microtype)                `microtype.cfg/376(protrusion)'.


Package microtype Warning: Unknown slot number of character
(microtype)                `\v n'
(microtype)                in font encoding `TU' in inheritance list
(microtype)                `microtype.cfg/376(protrusion)'.


Package microtype Warning: Unknown slot number of character
(microtype)                `\`O'
(microtype)                in font encoding `TU' in inheritance list
(microtype)                `microtype.cfg/376(protrusion)'.


Package microtype Warning: Unknown slot number of character
(microtype)                `\~O'
(microtype)                in font encoding `TU' in inheritance list
(microtype)                `microtype.cfg/376(protrusion)'.


Package microtype Warning: Unknown slot number of character
(microtype)                `\"O'
(microtype)                in font encoding `TU' in inheritance list
(microtype)                `microtype.cfg/376(protrusion)'.


Package microtype Warning: Unknown slot number of character
(microtype)                `\H O'
(microtype)                in font encoding `TU' in inheritance list
(microtype)                `microtype.cfg/376(protrusion)'.


Package microtype Warning: Unknown slot number of character
(microtype)                `\`o'
(microtype)                in font encoding `TU' in inheritance list
(microtype)                `microtype.cfg/376(protrusion)'.


Package microtype Warning: Unknown slot number of character
(microtype)                `\~o'
(microtype)                in font encoding `TU' in inheritance list
(microtype)                `microtype.cfg/376(protrusion)'.


Package microtype Warning: Unknown slot number of character
(microtype)                `\H o'
(microtype)                in font encoding `TU' in inheritance list
(microtype)                `microtype.cfg/376(protrusion)'.


Package microtype Warning: Unknown slot number of character
(microtype)                `\'R'
(microtype)                in font encoding `TU' in inheritance list
(microtype)                `microtype.cfg/376(protrusion)'.


Package microtype Warning: Unknown slot number of character
(microtype)                `\v R'
(microtype)                in font encoding `TU' in inheritance list
(microtype)                `microtype.cfg/376(protrusion)'.


Package microtype Warning: Unknown slot number of character
(microtype)                `\'r'
(microtype)                in font encoding `TU' in inheritance list
(microtype)                `microtype.cfg/376(protrusion)'.


Package microtype Warning: Unknown slot number of character
(microtype)                `\v r'
(microtype)                in font encoding `TU' in inheritance list
(microtype)                `microtype.cfg/376(protrusion)'.


Package microtype Warning: Unknown slot number of character
(microtype)                `\'S'
(microtype)                in font encoding `TU' in inheritance list
(microtype)                `microtype.cfg/376(protrusion)'.


Package microtype Warning: Unknown slot number of character
(microtype)                `\c S'
(microtype)                in font encoding `TU' in inheritance list
(microtype)                `microtype.cfg/376(protrusion)'.


Package microtype Warning: Unknown slot number of character
(microtype)                `\v S'
(microtype)                in font encoding `TU' in inheritance list
(microtype)                `microtype.cfg/376(protrusion)'.


Package microtype Warning: Unknown slot number of character
(microtype)                `\'s'
(microtype)                in font encoding `TU' in inheritance list
(microtype)                `microtype.cfg/376(protrusion)'.


Package microtype Warning: Unknown slot number of character
(microtype)                `\c s'
(microtype)                in font encoding `TU' in inheritance list
(microtype)                `microtype.cfg/376(protrusion)'.


Package microtype Warning: Unknown slot number of character
(microtype)                `\v s'
(microtype)                in font encoding `TU' in inheritance list
(microtype)                `microtype.cfg/376(protrusion)'.


Package microtype Warning: Unknown slot number of character
(microtype)                `\c T'
(microtype)                in font encoding `TU' in inheritance list
(microtype)                `microtype.cfg/376(protrusion)'.


Package microtype Warning: Unknown slot number of character
(microtype)                `\v T'
(microtype)                in font encoding `TU' in inheritance list
(microtype)                `microtype.cfg/376(protrusion)'.


Package microtype Warning: Unknown slot number of character
(microtype)                `\c t'
(microtype)                in font encoding `TU' in inheritance list
(microtype)                `microtype.cfg/376(protrusion)'.


Package microtype Warning: Unknown slot number of character
(microtype)                `\v t'
(microtype)                in font encoding `TU' in inheritance list
(microtype)                `microtype.cfg/376(protrusion)'.


Package microtype Warning: Unknown slot number of character
(microtype)                `\H U'
(microtype)                in font encoding `TU' in inheritance list
(microtype)                `microtype.cfg/376(protrusion)'.


Package microtype Warning: Unknown slot number of character
(microtype)                `\r U'
(microtype)                in font encoding `TU' in inheritance list
(microtype)                `microtype.cfg/376(protrusion)'.


Package microtype Warning: Unknown slot number of character
(microtype)                `\H u'
(microtype)                in font encoding `TU' in inheritance list
(microtype)                `microtype.cfg/376(protrusion)'.


Package microtype Warning: Unknown slot number of character
(microtype)                `\r u'
(microtype)                in font encoding `TU' in inheritance list
(microtype)                `microtype.cfg/376(protrusion)'.


Package microtype Warning: Unknown slot number of character
(microtype)                `\'Y'
(microtype)                in font encoding `TU' in inheritance list
(microtype)                `microtype.cfg/376(protrusion)'.


Package microtype Warning: Unknown slot number of character
(microtype)                `\"Y'
(microtype)                in font encoding `TU' in inheritance list
(microtype)                `microtype.cfg/376(protrusion)'.


Package microtype Warning: Unknown slot number of character
(microtype)                `\'y'
(microtype)                in font encoding `TU' in inheritance list
(microtype)                `microtype.cfg/376(protrusion)'.


Package microtype Warning: Unknown slot number of character
(microtype)                `\"y'
(microtype)                in font encoding `TU' in inheritance list
(microtype)                `microtype.cfg/376(protrusion)'.


Package microtype Warning: Unknown slot number of character
(microtype)                `\'Z'
(microtype)                in font encoding `TU' in inheritance list
(microtype)                `microtype.cfg/376(protrusion)'.


Package microtype Warning: Unknown slot number of character
(microtype)                `\.Z'
(microtype)                in font encoding `TU' in inheritance list
(microtype)                `microtype.cfg/376(protrusion)'.


Package microtype Warning: Unknown slot number of character
(microtype)                `\v Z'
(microtype)                in font encoding `TU' in inheritance list
(microtype)                `microtype.cfg/376(protrusion)'.


Package microtype Warning: Unknown slot number of character
(microtype)                `\'z'
(microtype)                in font encoding `TU' in inheritance list
(microtype)                `microtype.cfg/376(protrusion)'.


Package microtype Warning: Unknown slot number of character
(microtype)                `\.z'
(microtype)                in font encoding `TU' in inheritance list
(microtype)                `microtype.cfg/376(protrusion)'.


Package microtype Warning: Unknown slot number of character
(microtype)                `\v z'
(microtype)                in font encoding `TU' in inheritance list
(microtype)                `microtype.cfg/376(protrusion)'.

Package microtype Info: Character `\quotesinglbase ' is missing
(microtype)             in font `\TU/NanumGothic(0)/m/n/10'.
(microtype)             Ignoring protrusion settings for this character.
Package microtype Info: Character `\quotedblbase ' is missing
(microtype)             in font `\TU/NanumGothic(0)/m/n/10'.
(microtype)             Ignoring protrusion settings for this character.
\AtBeginShipoutBox=\box56
Package hyperref Info: Link coloring OFF on input line 80.
(/usr/share/texlive/texmf-dist/tex/latex/hyperref/nameref.sty
Package: nameref 2019/09/16 v2.46 Cross-referencing by name of section
(/usr/share/texlive/texmf-dist/tex/latex/refcount/refcount.sty
Package: refcount 2019/12/15 v3.6 Data extraction from label references (HO)
) (/usr/share/texlive/texmf-dist/tex/generic/gettitlestring/gettitlestring.sty
Package: gettitlestring 2019/12/15 v1.6 Cleanup title references (HO)
)
\c@section@level=\count301
)
LaTeX Info: Redefining \ref on input line 80.
LaTeX Info: Redefining \pageref on input line 80.
LaTeX Info: Redefining \nameref on input line 80.
*geometry* driver: auto-detecting
*geometry* detected driver: xetex
*geometry* verbose mode - [ preamble ] result:
* driver: xetex
* paper: <default>
* layout: <same size as paper>
* layoutoffset:(h,v)=(0.0pt,0.0pt)
* modes: 
* h-part:(L,W,R)=(72.26999pt, 469.75502pt, 72.26999pt)
* v-part:(T,H,B)=(72.26999pt, 650.43001pt, 72.26999pt)
* \paperwidth=614.295pt
* \paperheight=794.96999pt
* \textwidth=469.75502pt
* \textheight=650.43001pt
* \oddsidemargin=0.0pt
* \evensidemargin=0.0pt
* \topmargin=-37.0pt
* \headheight=12.0pt
* \headsep=25.0pt
* \topskip=10.0pt
* \footskip=30.0pt
* \marginparwidth=65.0pt
* \marginparsep=11.0pt
* \columnsep=10.0pt
* \skip\footins=9.0pt plus 4.0pt minus 2.0pt
* \hoffset=0.0pt
* \voffset=0.0pt
* \mag=1000
* \@twocolumnfalse
* \@twosidefalse
* \@mparswitchfalse
* \@reversemarginfalse
* (1in=72.27pt=25.4mm, 1cm=28.453pt)

LaTeX Font Info:    Font shape `TU/NanumGothic(0)/m/n' will be
(Font)              scaled to size 17.28pt on input line 82.
LaTeX Font Info:    Font shape `TU/NanumGothic(0)/m/n' will be
(Font)              scaled to size 12.0pt on input line 82.
Package microtype Info: Character `\quotesinglbase ' is missing
(microtype)             in font `\TU/NanumGothic(0)/m/n/12'.
(microtype)             Ignoring protrusion settings for this character.
Package microtype Info: Character `\quotedblbase ' is missing
(microtype)             in font `\TU/NanumGothic(0)/m/n/12'.
(microtype)             Ignoring protrusion settings for this character.
LaTeX Font Info:    Font shape `TU/latinmodern-math.otf(1)/m/n' will be
(Font)              scaled to size 13.92114pt on input line 82.
LaTeX Font Info:    Font shape `TU/latinmodern-math.otf(1)/m/n' will be
(Font)              scaled to size 9.28076pt on input line 82.
LaTeX Font Info:    Font shape `TU/latinmodern-math.otf(1)/m/n' will be
(Font)              scaled to size 6.96057pt on input line 82.
LaTeX Font Info:    Trying to load font information for OML+lmm on input line 8
2.
(/usr/share/texmf/tex/latex/lm/omllmm.fd
File: omllmm.fd 2009/10/30 v1.6 Font defs for Latin Modern
)
LaTeX Font Info:    Font shape `TU/latinmodern-math.otf(2)/m/n' will be
(Font)              scaled to size 13.92242pt on input line 82.
LaTeX Font Info:    Font shape `TU/latinmodern-math.otf(2)/m/n' will be
(Font)              scaled to size 9.28162pt on input line 82.
LaTeX Font Info:    Font shape `TU/latinmodern-math.otf(2)/m/n' will be
(Font)              scaled to size 6.96121pt on input line 82.
LaTeX Font Info:    Font shape `TU/latinmodern-math.otf(3)/m/n' will be
(Font)              scaled to size 13.91968pt on input line 82.
LaTeX Font Info:    Font shape `TU/latinmodern-math.otf(3)/m/n' will be
(Font)              scaled to size 9.27979pt on input line 82.
LaTeX Font Info:    Font shape `TU/latinmodern-math.otf(3)/m/n' will be
(Font)              scaled to size 6.95984pt on input line 82.
LaTeX Font Info:    Trying to load font information for U+msa on input line 82.

(/usr/share/texlive/texmf-dist/tex/latex/amsfonts/umsa.fd
File: umsa.fd 2013/01/14 v3.01 AMS symbols A
) (/usr/share/texlive/texmf-dist/tex/latex/microtype/mt-msa.cfg
File: mt-msa.cfg 2006/02/04 v1.1 microtype config. file: AMS symbols (a) (RS)
)
LaTeX Font Info:    Trying to load font information for U+msb on input line 82.

(/usr/share/texlive/texmf-dist/tex/latex/amsfonts/umsb.fd
File: umsb.fd 2013/01/14 v3.01 AMS symbols B
) (/usr/share/texlive/texmf-dist/tex/latex/microtype/mt-msb.cfg
File: mt-msb.cfg 2005/06/01 v1.0 microtype config. file: AMS symbols (b) (RS)
)
LaTeX Font Info:    Font shape `TU/NanumGothic(0)/m/n' will be
(Font)              scaled to size 14.4pt on input line 84.
LaTeX Font Info:    Font shape `TU/NanumGothic(0)/b/n' will be
(Font)              scaled to size 14.4pt on input line 84.
LaTeX Font Info:    Font shape `TU/NanumGothic(0)/b/n' will be
(Font)              scaled to size 12.0pt on input line 87.

Overfull \hbox (1.48341pt too wide) in paragraph at lines 102--102
 []|\TU/NanumGothic(0)/m/n/10 id|
 []


Overfull \hbox (7.9412pt too wide) in paragraph at lines 102--102
[]|\TU/NanumGothic(0)/m/n/10 strain|  
 []


Overfull \hbox (15.61897pt too wide) in paragraph at lines 102--102
[]|\TU/NanumGothic(0)/m/n/10 promoter|  
 []


Overfull \hbox (5.39217pt too wide) in paragraph at lines 102--102
[]|\TU/NanumGothic(0)/m/n/10 indc|  
 []


Overfull \hbox (7.81216pt too wide) in paragraph at lines 102--102
 []|\TU/NanumGothic(0)/m/n/10 conc|
 []


Overfull \hbox (6.73119pt too wide) in paragraph at lines 102--102
 []|\TU/NanumGothic(0)/m/n/10 value|
 []


Overfull \hbox (14.14557pt too wide) in paragraph at lines 102--102
[]|\TU/NanumGothic(0)/m/n/10 incubhr|  
 []


Overfull \hbox (25.17459pt too wide) in paragraph at lines 103--103
[]|\TU/NanumGothic(0)/m/n/10 incubtemp|  
 []


Overfull \hbox (8.01237pt too wide) in paragraph at lines 103--103
[]|\TU/NanumGothic(0)/m/n/10 device_id|  
 []


Overfull \hbox (17.04118pt too wide) in paragraph at lines 106--106
[]|\TU/NanumGothic(0)/m/n/10 W3110|  
 []


Overfull \hbox (28.96896pt too wide) in paragraph at lines 106--106
[]|\TU/NanumGothic(0)/m/n/10 BBa_J23106|  
 []


Overfull \hbox (11.69217pt too wide) in paragraph at lines 106--106
[]|\TU/NanumGothic(0)/m/n/10 FeCl3|  
 []


Overfull \hbox (18.87119pt too wide) in paragraph at lines 106--106
 []|\TU/NanumGothic(0)/m/n/10 100000|
 []


Overfull \hbox (24.55237pt too wide) in paragraph at lines 106--106
[]|\TU/NanumGothic(0)/m/n/10 Fluorescence|  
 []


Overfull \hbox (36.87238pt too wide) in paragraph at lines 107--107
[]|\TU/NanumGothic(0)/m/n/10 BBa_K2016000|  
 []

LaTeX Font Info:    Font shape `TU/latinmodern-math.otf(1)/m/n' will be
(Font)              scaled to size 8.12067pt on input line 108.
LaTeX Font Info:    Font shape `TU/latinmodern-math.otf(1)/m/n' will be
(Font)              scaled to size 5.80048pt on input line 108.
LaTeX Font Info:    Font shape `TU/latinmodern-math.otf(2)/m/n' will be
(Font)              scaled to size 11.60202pt on input line 108.
LaTeX Font Info:    Font shape `TU/latinmodern-math.otf(2)/m/n' will be
(Font)              scaled to size 8.12141pt on input line 108.
LaTeX Font Info:    Font shape `TU/latinmodern-math.otf(2)/m/n' will be
(Font)              scaled to size 5.80101pt on input line 108.
LaTeX Font Info:    Font shape `TU/latinmodern-math.otf(3)/m/n' will be
(Font)              scaled to size 11.59973pt on input line 108.
LaTeX Font Info:    Font shape `TU/latinmodern-math.otf(3)/m/n' will be
(Font)              scaled to size 8.11981pt on input line 108.
LaTeX Font Info:    Font shape `TU/latinmodern-math.otf(3)/m/n' will be
(Font)              scaled to size 5.79987pt on input line 108.

Overfull \hbox (17.04118pt too wide) in paragraph at lines 109--109
[]|\TU/NanumGothic(0)/m/n/10 W3110|  
 []


Overfull \hbox (28.96896pt too wide) in paragraph at lines 109--109
[]|\TU/NanumGothic(0)/m/n/10 BBa_J23100|  
 []


Overfull \hbox (11.69217pt too wide) in paragraph at lines 109--109
[]|\TU/NanumGothic(0)/m/n/10 FeCl3|  
 []


Overfull \hbox (18.87119pt too wide) in paragraph at lines 109--109
 []|\TU/NanumGothic(0)/m/n/10 110000|
 []


Overfull \hbox (24.55237pt too wide) in paragraph at lines 109--109
[]|\TU/NanumGothic(0)/m/n/10 Fluorescence|  
 []


Overfull \hbox (36.87238pt too wide) in paragraph at lines 110--110
[]|\TU/NanumGothic(0)/m/n/10 BBa_K2016000|  
 []


Overfull \hbox (17.04118pt too wide) in paragraph at lines 112--112
[]|\TU/NanumGothic(0)/m/n/10 W3110|  
 []


Overfull \hbox (28.96896pt too wide) in paragraph at lines 112--112
[]|\TU/NanumGothic(0)/m/n/10 BBa_J23106|  
 []


Overfull \hbox (11.69217pt too wide) in paragraph at lines 112--112
[]|\TU/NanumGothic(0)/m/n/10 FeCl3|  
 []


Overfull \hbox (4.19217pt too wide) in paragraph at lines 112--112
 []|\TU/NanumGothic(0)/m/n/10 100|
 []


Overfull \hbox (18.87119pt too wide) in paragraph at lines 112--112
 []|\TU/NanumGothic(0)/m/n/10 700000|
 []


Overfull \hbox (24.55237pt too wide) in paragraph at lines 112--112
[]|\TU/NanumGothic(0)/m/n/10 Fluorescence|  
 []


Overfull \hbox (36.87238pt too wide) in paragraph at lines 113--113
[]|\TU/NanumGothic(0)/m/n/10 BBa_K2016000|  
 []


Overfull \hbox (17.04118pt too wide) in paragraph at lines 115--115
[]|\TU/NanumGothic(0)/m/n/10 W3110|  
 []


Overfull \hbox (28.96896pt too wide) in paragraph at lines 115--115
[]|\TU/NanumGothic(0)/m/n/10 BBa_J23100|  
 []


Overfull \hbox (11.69217pt too wide) in paragraph at lines 115--115
[]|\TU/NanumGothic(0)/m/n/10 FeCl3|  
 []


Overfull \hbox (4.19217pt too wide) in paragraph at lines 115--115
 []|\TU/NanumGothic(0)/m/n/10 100|
 []


Overfull \hbox (18.87119pt too wide) in paragraph at lines 115--115
 []|\TU/NanumGothic(0)/m/n/10 650000|
 []


Overfull \hbox (24.55237pt too wide) in paragraph at lines 115--115
[]|\TU/NanumGothic(0)/m/n/10 Fluorescence|  
 []


Overfull \hbox (36.87238pt too wide) in paragraph at lines 116--116
[]|\TU/NanumGothic(0)/m/n/10 BBa_K2016000|  
 []


Overfull \hbox (12.01393pt too wide) in paragraph at lines 144--144
 []|\TU/NanumGothic(0)/m/n/10 id.x|
 []


Overfull \hbox (11.41136pt too wide) in paragraph at lines 144--144
[]|\TU/NanumGothic(0)/m/n/10 BBid|  
 []


Overfull \hbox (12.88763pt too wide) in paragraph at lines 144--144
[]|\TU/NanumGothic(0)/m/n/10 type|  
 []


Overfull \hbox (36.46764pt too wide) in paragraph at lines 144--144
[]|\TU/NanumGothic(0)/m/n/10 backborn|  
 []


Overfull \hbox (19.63393pt too wide) in paragraph at lines 144--144
[]|\TU/NanumGothic(0)/m/n/10 link.x|  
 []


Overfull \hbox (33.80136pt too wide) in paragraph at lines 144--144
[]|\TU/NanumGothic(0)/m/n/10 device_id|  
 []


Overfull \hbox (48.20764pt too wide) in paragraph at lines 144--144
[]|\TU/NanumGothic(0)/m/n/10 team_name|  
 []


Overfull \hbox (11.55392pt too wide) in paragraph at lines 144--145
 []|\TU/NanumGothic(0)/m/n/10 id.y|
 []


Overfull \hbox (14.57393pt too wide) in paragraph at lines 145--145
 []|\TU/NanumGothic(0)/m/n/10 year|
 []


Overfull \hbox (6.18372pt too wide) in paragraph at lines 145--145
 []|\TU/NanumGothic(0)/m/n/10 id|
 []


Overfull \hbox (20.83394pt too wide) in paragraph at lines 145--145
[]|\TU/NanumGothic(0)/m/n/10 strain|  
 []


Overfull \hbox (34.41136pt too wide) in paragraph at lines 145--145
[]|\TU/NanumGothic(0)/m/n/10 promoter|  
 []


Overfull \hbox (14.78394pt too wide) in paragraph at lines 145--145
[]|\TU/NanumGothic(0)/m/n/10 indc|  
 []


Overfull \hbox (17.20393pt too wide) in paragraph at lines 145--145
 []|\TU/NanumGothic(0)/m/n/10 conc|
 []


Overfull \hbox (19.62393pt too wide) in paragraph at lines 145--145
 []|\TU/NanumGothic(0)/m/n/10 value|
 []


Overfull \hbox (21.69136pt too wide) in paragraph at lines 146--146
[]|\TU/NanumGothic(0)/m/n/10 valunit|  
 []


Overfull \hbox (28.23764pt too wide) in paragraph at lines 146--146
[]|\TU/NanumGothic(0)/m/n/10 incubhr|  
 []


Overfull \hbox (42.76764pt too wide) in paragraph at lines 146--146
[]|\TU/NanumGothic(0)/m/n/10 incubtemp|  
 []


Overfull \hbox (1.46393pt too wide) in paragraph at lines 149--149
 []|\TU/NanumGothic(0)/m/n/10 1|
 []


Overfull \hbox (47.76135pt too wide) in paragraph at lines 149--149
[]|\TU/NanumGothic(0)/m/n/10 BBa_J23100|  
 []


Overfull \hbox (36.41763pt too wide) in paragraph at lines 149--149
[]|\TU/NanumGothic(0)/m/n/10 Promoter|  
 []


Overfull \hbox (29.51764pt too wide) in paragraph at lines 149--149
[]|\TU/NanumGothic(0)/m/n/10 pSB1C3|  
 []


Overfull \hbox (62.66136pt too wide) in paragraph at lines 149--149
[]|\TU/NanumGothic(0)/m/n/10 BBa_K2016000|  
 []


Overfull \hbox (33.67764pt too wide) in paragraph at lines 149--149
[]|\TU/NanumGothic(0)/m/n/10 Sheffield|  
 []


Overfull \hbox (1.46393pt too wide) in paragraph at lines 149--150
 []|\TU/NanumGothic(0)/m/n/10 1|
 []


Overfull \hbox (19.64394pt too wide) in paragraph at lines 151--151
 []|\TU/NanumGothic(0)/m/n/10 2016|
 []


Overfull \hbox (3.76372pt too wide) in paragraph at lines 151--151
 []|\TU/NanumGothic(0)/m/n/10 1|
 []


Overfull \hbox (29.93393pt too wide) in paragraph at lines 151--151
[]|\TU/NanumGothic(0)/m/n/10 W3110|  
 []


Overfull \hbox (47.76135pt too wide) in paragraph at lines 152--152
[]|\TU/NanumGothic(0)/m/n/10 BBa_J23106|  
 []


Overfull \hbox (21.08394pt too wide) in paragraph at lines 152--152
[]|\TU/NanumGothic(0)/m/n/10 FeCl3|  
 []


Overfull \hbox (1.46393pt too wide) in paragraph at lines 152--152
 []|\TU/NanumGothic(0)/m/n/10 0|
 []


Overfull \hbox (31.76393pt too wide) in paragraph at lines 152--152
 []|\TU/NanumGothic(0)/m/n/10 100000|
 []


Overfull \hbox (50.34135pt too wide) in paragraph at lines 152--152
[]|\TU/NanumGothic(0)/m/n/10 Fluorescence|  
 []


Overfull \hbox (7.03763pt too wide) in paragraph at lines 152--152
[]|\TU/NanumGothic(0)/m/n/10 16- 
 []


Overfull \hbox (10.98764pt too wide) in paragraph at lines 152--152
\TU/NanumGothic(0)/m/n/10 18h|  
 []


Overfull \hbox (5.22763pt too wide) in paragraph at lines 152--152
[]|\TU/NanumGothic(0)/m/n/10 37|  
 []


Overfull \hbox (1.46393pt too wide) in paragraph at lines 154--154
 []|\TU/NanumGothic(0)/m/n/10 1|
 []


Overfull \hbox (47.76135pt too wide) in paragraph at lines 154--154
[]|\TU/NanumGothic(0)/m/n/10 BBa_J23100|  
 []


Overfull \hbox (36.41763pt too wide) in paragraph at lines 154--154
[]|\TU/NanumGothic(0)/m/n/10 Promoter|  
 []


Overfull \hbox (29.51764pt too wide) in paragraph at lines 154--154
[]|\TU/NanumGothic(0)/m/n/10 pSB1C3|  
 []


Overfull \hbox (62.66136pt too wide) in paragraph at lines 154--154
[]|\TU/NanumGothic(0)/m/n/10 BBa_K2016000|  
 []


Overfull \hbox (33.67764pt too wide) in paragraph at lines 154--154
[]|\TU/NanumGothic(0)/m/n/10 Sheffield|  
 []


Overfull \hbox (1.46393pt too wide) in paragraph at lines 154--155
 []|\TU/NanumGothic(0)/m/n/10 1|
 []


Overfull \hbox (19.64394pt too wide) in paragraph at lines 156--156
 []|\TU/NanumGothic(0)/m/n/10 2016|
 []


Overfull \hbox (3.76372pt too wide) in paragraph at lines 156--156
 []|\TU/NanumGothic(0)/m/n/10 2|
 []


Overfull \hbox (29.93393pt too wide) in paragraph at lines 156--156
[]|\TU/NanumGothic(0)/m/n/10 W3110|  
 []


Overfull \hbox (47.76135pt too wide) in paragraph at lines 157--157
[]|\TU/NanumGothic(0)/m/n/10 BBa_J23100|  
 []


Overfull \hbox (21.08394pt too wide) in paragraph at lines 157--157
[]|\TU/NanumGothic(0)/m/n/10 FeCl3|  
 []


Overfull \hbox (1.46393pt too wide) in paragraph at lines 157--157
 []|\TU/NanumGothic(0)/m/n/10 0|
 []


Overfull \hbox (31.76393pt too wide) in paragraph at lines 157--157
 []|\TU/NanumGothic(0)/m/n/10 110000|
 []


Overfull \hbox (50.34135pt too wide) in paragraph at lines 157--157
[]|\TU/NanumGothic(0)/m/n/10 Fluorescence|  
 []


Overfull \hbox (7.03763pt too wide) in paragraph at lines 157--157
[]|\TU/NanumGothic(0)/m/n/10 16- 
 []


Overfull \hbox (10.98764pt too wide) in paragraph at lines 157--157
\TU/NanumGothic(0)/m/n/10 18h|  
 []


Overfull \hbox (5.22763pt too wide) in paragraph at lines 157--157
[]|\TU/NanumGothic(0)/m/n/10 37|  
 []


Overfull \hbox (1.46393pt too wide) in paragraph at lines 159--159
 []|\TU/NanumGothic(0)/m/n/10 1|
 []


Overfull \hbox (47.76135pt too wide) in paragraph at lines 159--159
[]|\TU/NanumGothic(0)/m/n/10 BBa_J23100|  
 []


Overfull \hbox (36.41763pt too wide) in paragraph at lines 159--159
[]|\TU/NanumGothic(0)/m/n/10 Promoter|  
 []


Overfull \hbox (29.51764pt too wide) in paragraph at lines 159--159
[]|\TU/NanumGothic(0)/m/n/10 pSB1C3|  
 []


Overfull \hbox (62.66136pt too wide) in paragraph at lines 159--159
[]|\TU/NanumGothic(0)/m/n/10 BBa_K2016000|  
 []


Overfull \hbox (33.67764pt too wide) in paragraph at lines 159--159
[]|\TU/NanumGothic(0)/m/n/10 Sheffield|  
 []


Overfull \hbox (1.46393pt too wide) in paragraph at lines 159--160
 []|\TU/NanumGothic(0)/m/n/10 1|
 []


Overfull \hbox (19.64394pt too wide) in paragraph at lines 161--161
 []|\TU/NanumGothic(0)/m/n/10 2016|
 []


Overfull \hbox (3.76372pt too wide) in paragraph at lines 161--161
 []|\TU/NanumGothic(0)/m/n/10 3|
 []


Overfull \hbox (29.93393pt too wide) in paragraph at lines 161--161
[]|\TU/NanumGothic(0)/m/n/10 W3110|  
 []


Overfull \hbox (47.76135pt too wide) in paragraph at lines 162--162
[]|\TU/NanumGothic(0)/m/n/10 BBa_J23106|  
 []


Overfull \hbox (21.08394pt too wide) in paragraph at lines 162--162
[]|\TU/NanumGothic(0)/m/n/10 FeCl3|  
 []


Overfull \hbox (13.58394pt too wide) in paragraph at lines 162--162
 []|\TU/NanumGothic(0)/m/n/10 100|
 []


Overfull \hbox (31.76393pt too wide) in paragraph at lines 162--162
 []|\TU/NanumGothic(0)/m/n/10 700000|
 []


Overfull \hbox (50.34135pt too wide) in paragraph at lines 162--162
[]|\TU/NanumGothic(0)/m/n/10 Fluorescence|  
 []


Overfull \hbox (7.03763pt too wide) in paragraph at lines 162--162
[]|\TU/NanumGothic(0)/m/n/10 16- 
 []


Overfull \hbox (10.98764pt too wide) in paragraph at lines 162--162
\TU/NanumGothic(0)/m/n/10 18h|  
 []


Overfull \hbox (5.22763pt too wide) in paragraph at lines 162--162
[]|\TU/NanumGothic(0)/m/n/10 37|  
 []


Overfull \hbox (1.46393pt too wide) in paragraph at lines 164--164
 []|\TU/NanumGothic(0)/m/n/10 1|
 []


Overfull \hbox (47.76135pt too wide) in paragraph at lines 164--164
[]|\TU/NanumGothic(0)/m/n/10 BBa_J23100|  
 []


Overfull \hbox (36.41763pt too wide) in paragraph at lines 164--164
[]|\TU/NanumGothic(0)/m/n/10 Promoter|  
 []


Overfull \hbox (29.51764pt too wide) in paragraph at lines 164--164
[]|\TU/NanumGothic(0)/m/n/10 pSB1C3|  
 []


Overfull \hbox (62.66136pt too wide) in paragraph at lines 164--164
[]|\TU/NanumGothic(0)/m/n/10 BBa_K2016000|  
 []


Overfull \hbox (33.67764pt too wide) in paragraph at lines 164--164
[]|\TU/NanumGothic(0)/m/n/10 Sheffield|  
 []


Overfull \hbox (1.46393pt too wide) in paragraph at lines 164--165
 []|\TU/NanumGothic(0)/m/n/10 1|
 []


Overfull \hbox (19.64394pt too wide) in paragraph at lines 166--166
 []|\TU/NanumGothic(0)/m/n/10 2016|
 []


Overfull \hbox (3.76372pt too wide) in paragraph at lines 166--166
 []|\TU/NanumGothic(0)/m/n/10 4|
 []


Overfull \hbox (29.93393pt too wide) in paragraph at lines 166--166
[]|\TU/NanumGothic(0)/m/n/10 W3110|  
 []


Overfull \hbox (47.76135pt too wide) in paragraph at lines 167--167
[]|\TU/NanumGothic(0)/m/n/10 BBa_J23100|  
 []


Overfull \hbox (21.08394pt too wide) in paragraph at lines 167--167
[]|\TU/NanumGothic(0)/m/n/10 FeCl3|  
 []


Overfull \hbox (13.58394pt too wide) in paragraph at lines 167--167
 []|\TU/NanumGothic(0)/m/n/10 100|
 []


Overfull \hbox (31.76393pt too wide) in paragraph at lines 167--167
 []|\TU/NanumGothic(0)/m/n/10 650000|
 []


Overfull \hbox (50.34135pt too wide) in paragraph at lines 167--167
[]|\TU/NanumGothic(0)/m/n/10 Fluorescence|  
 []


Overfull \hbox (7.03763pt too wide) in paragraph at lines 167--167
[]|\TU/NanumGothic(0)/m/n/10 16- 
 []


Overfull \hbox (10.98764pt too wide) in paragraph at lines 167--167
\TU/NanumGothic(0)/m/n/10 18h|  
 []


Overfull \hbox (5.22763pt too wide) in paragraph at lines 167--167
[]|\TU/NanumGothic(0)/m/n/10 37|  
 []


Overfull \hbox (1.46393pt too wide) in paragraph at lines 169--169
 []|\TU/NanumGothic(0)/m/n/10 2|
 []


Overfull \hbox (47.76135pt too wide) in paragraph at lines 169--169
[]|\TU/NanumGothic(0)/m/n/10 BBa_J23106|  
 []


Overfull \hbox (36.41763pt too wide) in paragraph at lines 169--169
[]|\TU/NanumGothic(0)/m/n/10 Promoter|  
 []


Overfull \hbox (29.51764pt too wide) in paragraph at lines 169--169
[]|\TU/NanumGothic(0)/m/n/10 pSB1C3|  
 []


Overfull \hbox (62.66136pt too wide) in paragraph at lines 169--169
[]|\TU/NanumGothic(0)/m/n/10 BBa_K2016000|  
 []


Overfull \hbox (33.67764pt too wide) in paragraph at lines 169--169
[]|\TU/NanumGothic(0)/m/n/10 Sheffield|  
 []


Overfull \hbox (1.46393pt too wide) in paragraph at lines 169--170
 []|\TU/NanumGothic(0)/m/n/10 1|
 []


Overfull \hbox (19.64394pt too wide) in paragraph at lines 171--171
 []|\TU/NanumGothic(0)/m/n/10 2016|
 []


Overfull \hbox (3.76372pt too wide) in paragraph at lines 171--171
 []|\TU/NanumGothic(0)/m/n/10 1|
 []


Overfull \hbox (29.93393pt too wide) in paragraph at lines 171--171
[]|\TU/NanumGothic(0)/m/n/10 W3110|  
 []


Overfull \hbox (47.76135pt too wide) in paragraph at lines 172--172
[]|\TU/NanumGothic(0)/m/n/10 BBa_J23106|  
 []


Overfull \hbox (21.08394pt too wide) in paragraph at lines 172--172
[]|\TU/NanumGothic(0)/m/n/10 FeCl3|  
 []


Overfull \hbox (1.46393pt too wide) in paragraph at lines 172--172
 []|\TU/NanumGothic(0)/m/n/10 0|
 []


Overfull \hbox (31.76393pt too wide) in paragraph at lines 172--172
 []|\TU/NanumGothic(0)/m/n/10 100000|
 []


Overfull \hbox (50.34135pt too wide) in paragraph at lines 172--172
[]|\TU/NanumGothic(0)/m/n/10 Fluorescence|  
 []


Overfull \hbox (7.03763pt too wide) in paragraph at lines 172--172
[]|\TU/NanumGothic(0)/m/n/10 16- 
 []


Overfull \hbox (10.98764pt too wide) in paragraph at lines 172--172
\TU/NanumGothic(0)/m/n/10 18h|  
 []


Overfull \hbox (5.22763pt too wide) in paragraph at lines 172--172
[]|\TU/NanumGothic(0)/m/n/10 37|  
 []


Overfull \hbox (1.46393pt too wide) in paragraph at lines 174--174
 []|\TU/NanumGothic(0)/m/n/10 2|
 []


Overfull \hbox (47.76135pt too wide) in paragraph at lines 174--174
[]|\TU/NanumGothic(0)/m/n/10 BBa_J23106|  
 []


Overfull \hbox (36.41763pt too wide) in paragraph at lines 174--174
[]|\TU/NanumGothic(0)/m/n/10 Promoter|  
 []


Overfull \hbox (29.51764pt too wide) in paragraph at lines 174--174
[]|\TU/NanumGothic(0)/m/n/10 pSB1C3|  
 []


Overfull \hbox (62.66136pt too wide) in paragraph at lines 174--174
[]|\TU/NanumGothic(0)/m/n/10 BBa_K2016000|  
 []


Overfull \hbox (33.67764pt too wide) in paragraph at lines 174--174
[]|\TU/NanumGothic(0)/m/n/10 Sheffield|  
 []


Overfull \hbox (1.46393pt too wide) in paragraph at lines 174--175
 []|\TU/NanumGothic(0)/m/n/10 1|
 []


Overfull \hbox (19.64394pt too wide) in paragraph at lines 176--176
 []|\TU/NanumGothic(0)/m/n/10 2016|
 []


Overfull \hbox (3.76372pt too wide) in paragraph at lines 176--176
 []|\TU/NanumGothic(0)/m/n/10 2|
 []


Overfull \hbox (29.93393pt too wide) in paragraph at lines 176--176
[]|\TU/NanumGothic(0)/m/n/10 W3110|  
 []


Overfull \hbox (47.76135pt too wide) in paragraph at lines 177--177
[]|\TU/NanumGothic(0)/m/n/10 BBa_J23100|  
 []


Overfull \hbox (21.08394pt too wide) in paragraph at lines 177--177
[]|\TU/NanumGothic(0)/m/n/10 FeCl3|  
 []


Overfull \hbox (1.46393pt too wide) in paragraph at lines 177--177
 []|\TU/NanumGothic(0)/m/n/10 0|
 []


Overfull \hbox (31.76393pt too wide) in paragraph at lines 177--177
 []|\TU/NanumGothic(0)/m/n/10 110000|
 []


Overfull \hbox (50.34135pt too wide) in paragraph at lines 177--177
[]|\TU/NanumGothic(0)/m/n/10 Fluorescence|  
 []


Overfull \hbox (7.03763pt too wide) in paragraph at lines 177--177
[]|\TU/NanumGothic(0)/m/n/10 16- 
 []


Overfull \hbox (10.98764pt too wide) in paragraph at lines 177--177
\TU/NanumGothic(0)/m/n/10 18h|  
 []


Overfull \hbox (5.22763pt too wide) in paragraph at lines 177--177
[]|\TU/NanumGothic(0)/m/n/10 37|  
 []


Overfull \hbox (1.46393pt too wide) in paragraph at lines 179--179
 []|\TU/NanumGothic(0)/m/n/10 2|
 []


Overfull \hbox (47.76135pt too wide) in paragraph at lines 179--179
[]|\TU/NanumGothic(0)/m/n/10 BBa_J23106|  
 []


Overfull \hbox (36.41763pt too wide) in paragraph at lines 179--179
[]|\TU/NanumGothic(0)/m/n/10 Promoter|  
 []


Overfull \hbox (29.51764pt too wide) in paragraph at lines 179--179
[]|\TU/NanumGothic(0)/m/n/10 pSB1C3|  
 []


Overfull \hbox (62.66136pt too wide) in paragraph at lines 179--179
[]|\TU/NanumGothic(0)/m/n/10 BBa_K2016000|  
 []


Overfull \hbox (33.67764pt too wide) in paragraph at lines 179--179
[]|\TU/NanumGothic(0)/m/n/10 Sheffield|  
 []


Overfull \hbox (1.46393pt too wide) in paragraph at lines 179--180
 []|\TU/NanumGothic(0)/m/n/10 1|
 []


Overfull \hbox (19.64394pt too wide) in paragraph at lines 181--181
 []|\TU/NanumGothic(0)/m/n/10 2016|
 []


Overfull \hbox (3.76372pt too wide) in paragraph at lines 181--181
 []|\TU/NanumGothic(0)/m/n/10 3|
 []


Overfull \hbox (29.93393pt too wide) in paragraph at lines 181--181
[]|\TU/NanumGothic(0)/m/n/10 W3110|  
 []


Overfull \hbox (47.76135pt too wide) in paragraph at lines 182--182
[]|\TU/NanumGothic(0)/m/n/10 BBa_J23106|  
 []


Overfull \hbox (21.08394pt too wide) in paragraph at lines 182--182
[]|\TU/NanumGothic(0)/m/n/10 FeCl3|  
 []


Overfull \hbox (13.58394pt too wide) in paragraph at lines 182--182
 []|\TU/NanumGothic(0)/m/n/10 100|
 []


Overfull \hbox (31.76393pt too wide) in paragraph at lines 182--182
 []|\TU/NanumGothic(0)/m/n/10 700000|
 []


Overfull \hbox (50.34135pt too wide) in paragraph at lines 182--182
[]|\TU/NanumGothic(0)/m/n/10 Fluorescence|  
 []


Overfull \hbox (7.03763pt too wide) in paragraph at lines 182--182
[]|\TU/NanumGothic(0)/m/n/10 16- 
 []


Overfull \hbox (10.98764pt too wide) in paragraph at lines 182--182
\TU/NanumGothic(0)/m/n/10 18h|  
 []


Overfull \hbox (5.22763pt too wide) in paragraph at lines 182--182
[]|\TU/NanumGothic(0)/m/n/10 37|  
 []


Overfull \hbox (1.46393pt too wide) in paragraph at lines 184--184
 []|\TU/NanumGothic(0)/m/n/10 2|
 []


Overfull \hbox (47.76135pt too wide) in paragraph at lines 184--184
[]|\TU/NanumGothic(0)/m/n/10 BBa_J23106|  
 []


Overfull \hbox (36.41763pt too wide) in paragraph at lines 184--184
[]|\TU/NanumGothic(0)/m/n/10 Promoter|  
 []


Overfull \hbox (29.51764pt too wide) in paragraph at lines 184--184
[]|\TU/NanumGothic(0)/m/n/10 pSB1C3|  
 []


Overfull \hbox (62.66136pt too wide) in paragraph at lines 184--184
[]|\TU/NanumGothic(0)/m/n/10 BBa_K2016000|  
 []


Overfull \hbox (33.67764pt too wide) in paragraph at lines 184--184
[]|\TU/NanumGothic(0)/m/n/10 Sheffield|  
 []


Overfull \hbox (1.46393pt too wide) in paragraph at lines 184--185
 []|\TU/NanumGothic(0)/m/n/10 1|
 []


Overfull \hbox (19.64394pt too wide) in paragraph at lines 186--186
 []|\TU/NanumGothic(0)/m/n/10 2016|
 []


Overfull \hbox (3.76372pt too wide) in paragraph at lines 186--186
 []|\TU/NanumGothic(0)/m/n/10 4|
 []


Overfull \hbox (29.93393pt too wide) in paragraph at lines 186--186
[]|\TU/NanumGothic(0)/m/n/10 W3110|  
 []


Overfull \hbox (47.76135pt too wide) in paragraph at lines 187--187
[]|\TU/NanumGothic(0)/m/n/10 BBa_J23100|  
 []


Overfull \hbox (21.08394pt too wide) in paragraph at lines 187--187
[]|\TU/NanumGothic(0)/m/n/10 FeCl3|  
 []


Overfull \hbox (13.58394pt too wide) in paragraph at lines 187--187
 []|\TU/NanumGothic(0)/m/n/10 100|
 []


Overfull \hbox (31.76393pt too wide) in paragraph at lines 187--187
 []|\TU/NanumGothic(0)/m/n/10 650000|
 []


Overfull \hbox (50.34135pt too wide) in paragraph at lines 187--187
[]|\TU/NanumGothic(0)/m/n/10 Fluorescence|  
 []


Overfull \hbox (7.03763pt too wide) in paragraph at lines 187--187
[]|\TU/NanumGothic(0)/m/n/10 16- 
 []


Overfull \hbox (10.98764pt too wide) in paragraph at lines 187--187
\TU/NanumGothic(0)/m/n/10 18h|  
 []


Overfull \hbox (5.22763pt too wide) in paragraph at lines 187--187
[]|\TU/NanumGothic(0)/m/n/10 37|  
 []

[1

]
File: igem_BBa_J23100_files/figure-latex/unnamed-chunk-6-1.pdf Graphic file (ty
pe pdf)
<use igem_BBa_J23100_files/figure-latex/unnamed-chunk-6-1.pdf>
Package atveryend Info: Empty hook `BeforeClearDocument' on input line 194.
[2] [3]
Package atveryend Info: Empty hook `AfterLastShipout' on input line 194.
(./igem_BBa_J23100.aux)
Package atveryend Info: Empty hook `AtVeryEndDocument' on input line 194.
Package atveryend Info: Empty hook `AtEndAfterFileList' on input line 194.
 ) 
Here is how much of TeX's memory you used:
 18652 strings out of 479819
 329373 string characters out of 5895846
 825992 words of memory out of 5000000
 35518 multiletter control sequences out of 15000+600000
 538797 words of font info for 78 fonts, out of 8000000 for 9000
 1348 hyphenation exceptions out of 8191
 59i,8n,118p,814b,576s stack positions out of 5000i,500n,10000p,200000b,80000s

Output written on igem_BBa_J23100.pdf (3 pages).
